# JRE version: OpenJDK Runtime Environment Corretto-11.0.21.9.1 (11.0.21+9) (build 11.0.21+9-LTS)
# Java VM: OpenJDK 64-Bit Server VM Corretto-11.0.21.9.1 (11.0.21+9-LTS, mixed mode, tiered, compressed oops, g1 gc, bsd-aarch64)
Heap:
 garbage-first heap   total 1091584K, used 545094K [0x00000005c0000000, 0x00000007c0000000)
  region size 2048K, 267 young (546816K), 1 survivors (2048K)
 Metaspace       used 11838K, capacity 12071K, committed 12160K, reserved 1060864K
  class space    used 1059K, capacity 1145K, committed 1152K, reserved 1048576K
GC Heap History (20 events):
Event: 109.368 GC heap before
{Heap before GC invocations=867 (full 0):
 garbage-first heap   total 1091584K, used 652834K [0x00000005c0000000, 0x00000007c0000000)
  region size 2048K, 319 young (653312K), 1 survivors (2048K)
 Metaspace       used 7626K, capacity 7764K, committed 7936K, reserved 1056768K
  class space    used 636K, capacity 676K, committed 768K, reserved 1048576K
}
Event: 109.369 GC heap after
{Heap after GC invocations=868 (full 0):
 garbage-first heap   total 1091584K, used 1570K [0x00000005c0000000, 0x00000007c0000000)
  region size 2048K, 1 young (2048K), 1 survivors (2048K)
 Metaspace       used 7626K, capacity 7764K, committed 7936K, reserved 1056768K
  class space    used 636K, capacity 676K, committed 768K, reserved 1048576K
}
Event: 109.488 GC heap before
{Heap before GC invocations=868 (full 0):
 garbage-first heap   total 1091584K, used 652834K [0x00000005c0000000, 0x00000007c0000000)
  region size 2048K, 319 young (653312K), 1 survivors (2048K)
 Metaspace       used 7626K, capacity 7764K, committed 7936K, reserved 1056768K
  class space    used 636K, capacity 676K, committed 768K, reserved 1048576K
}
Event: 109.489 GC heap after
{Heap after GC invocations=869 (full 0):
 garbage-first heap   total 1091584K, used 1572K [0x00000005c0000000, 0x00000007c0000000)
  region size 2048K, 1 young (2048K), 1 survivors (2048K)
 Metaspace       used 7626K, capacity 7764K, committed 7936K, reserved 1056768K
  class space    used 636K, capacity 676K, committed 768K, reserved 1048576K
}
Event: 109.606 GC heap before
{Heap before GC invocations=869 (full 0):
 garbage-first heap   total 1091584K, used 652836K [0x00000005c0000000, 0x00000007c0000000)
  region size 2048K, 319 young (653312K), 1 survivors (2048K)
 Metaspace       used 7626K, capacity 7764K, committed 7936K, reserved 1056768K
  class space    used 636K, capacity 676K, committed 768K, reserved 1048576K
}
Event: 109.611 GC heap after
{Heap after GC invocations=870 (full 0):
 garbage-first heap   total 1091584K, used 1570K [0x00000005c0000000, 0x00000007c0000000)
  region size 2048K, 1 young (2048K), 1 survivors (2048K)
 Metaspace       used 7626K, capacity 7764K, committed 7936K, reserved 1056768K
  class space    used 636K, capacity 676K, committed 768K, reserved 1048576K
}
Event: 109.727 GC heap before
{Heap before GC invocations=870 (full 0):
 garbage-first heap   total 1091584K, used 652834K [0x00000005c0000000, 0x00000007c0000000)
  region size 2048K, 319 young (653312K), 1 survivors (2048K)
 Metaspace       used 7626K, capacity 7764K, committed 7936K, reserved 1056768K
  class space    used 636K, capacity 676K, committed 768K, reserved 1048576K
}
Event: 109.739 GC heap after
{Heap after GC invocations=871 (full 0):
 garbage-first heap   total 1091584K, used 1570K [0x00000005c0000000, 0x00000007c0000000)
  region size 2048K, 1 young (2048K), 1 survivors (2048K)
 Metaspace       used 7626K, capacity 7764K, committed 7936K, reserved 1056768K
  class space    used 636K, capacity 676K, committed 768K, reserved 1048576K
}
Event: 109.855 GC heap before
{Heap before GC invocations=871 (full 0):
 garbage-first heap   total 1091584K, used 652834K [0x00000005c0000000, 0x00000007c0000000)
  region size 2048K, 319 young (653312K), 1 survivors (2048K)
 Metaspace       used 7626K, capacity 7764K, committed 7936K, reserved 1056768K
  class space    used 636K, capacity 676K, committed 768K, reserved 1048576K
}
Event: 109.856 GC heap after
{Heap after GC invocations=872 (full 0):
 garbage-first heap   total 1091584K, used 1572K [0x00000005c0000000, 0x00000007c0000000)
  region size 2048K, 1 young (2048K), 1 survivors (2048K)
 Metaspace       used 7626K, capacity 7764K, committed 7936K, reserved 1056768K
  class space    used 636K, capacity 676K, committed 768K, reserved 1048576K
}
Event: 110.092 GC heap before
{Heap before GC invocations=872 (full 0):
 garbage-first heap   total 1091584K, used 652836K [0x00000005c0000000, 0x00000007c0000000)
  region size 2048K, 319 young (653312K), 1 survivors (2048K)
 Metaspace       used 7626K, capacity 7764K, committed 7936K, reserved 1056768K
  class space    used 636K, capacity 676K, committed 768K, reserved 1048576K
}
Event: 110.093 GC heap after
{Heap after GC invocations=873 (full 0):
 garbage-first heap   total 1091584K, used 1574K [0x00000005c0000000, 0x00000007c0000000)
  region size 2048K, 1 young (2048K), 1 survivors (2048K)
 Metaspace       used 7626K, capacity 7764K, committed 7936K, reserved 1056768K
  class space    used 636K, capacity 676K, committed 768K, reserved 1048576K
}
Event: 110.217 GC heap before
{Heap before GC invocations=873 (full 0):
 garbage-first heap   total 1091584K, used 652838K [0x00000005c0000000, 0x00000007c0000000)
  region size 2048K, 319 young (653312K), 1 survivors (2048K)
 Metaspace       used 7626K, capacity 7764K, committed 7936K, reserved 1056768K
  class space    used 636K, capacity 676K, committed 768K, reserved 1048576K
}
Event: 110.217 GC heap after
{Heap after GC invocations=874 (full 0):
 garbage-first heap   total 1091584K, used 1572K [0x00000005c0000000, 0x00000007c0000000)
  region size 2048K, 1 young (2048K), 1 survivors (2048K)
 Metaspace       used 7626K, capacity 7764K, committed 7936K, reserved 1056768K
  class space    used 636K, capacity 676K, committed 768K, reserved 1048576K
}
Event: 110.339 GC heap before
{Heap before GC invocations=874 (full 0):
 garbage-first heap   total 1091584K, used 652836K [0x00000005c0000000, 0x00000007c0000000)
  region size 2048K, 319 young (653312K), 1 survivors (2048K)
 Metaspace       used 7626K, capacity 7764K, committed 7936K, reserved 1056768K
  class space    used 636K, capacity 676K, committed 768K, reserved 1048576K
}
Event: 110.340 GC heap after
{Heap after GC invocations=875 (full 0):
 garbage-first heap   total 1091584K, used 1572K [0x00000005c0000000, 0x00000007c0000000)
  region size 2048K, 1 young (2048K), 1 survivors (2048K)
 Metaspace       used 7626K, capacity 7764K, committed 7936K, reserved 1056768K
  class space    used 636K, capacity 676K, committed 768K, reserved 1048576K
}
Event: 110.459 GC heap before
{Heap before GC invocations=875 (full 0):
 garbage-first heap   total 1091584K, used 652836K [0x00000005c0000000, 0x00000007c0000000)
  region size 2048K, 319 young (653312K), 1 survivors (2048K)
 Metaspace       used 7626K, capacity 7764K, committed 7936K, reserved 1056768K
  class space    used 636K, capacity 676K, committed 768K, reserved 1048576K
}
Event: 110.460 GC heap after
{Heap after GC invocations=876 (full 0):
 garbage-first heap   total 1091584K, used 1570K [0x00000005c0000000, 0x00000007c0000000)
  region size 2048K, 1 young (2048K), 1 survivors (2048K)
 Metaspace       used 7626K, capacity 7764K, committed 7936K, reserved 1056768K
  class space    used 636K, capacity 676K, committed 768K, reserved 1048576K
}
Event: 110.579 GC heap before
{Heap before GC invocations=876 (full 0):
 garbage-first heap   total 1091584K, used 652834K [0x00000005c0000000, 0x00000007c0000000)
  region size 2048K, 319 young (653312K), 1 survivors (2048K)
 Metaspace       used 10081K, capacity 10300K, committed 10496K, reserved 1058816K
  class space    used 905K, capacity 971K, committed 1024K, reserved 1048576K
}
Event: 110.580 GC heap after
{Heap after GC invocations=877 (full 0):
 garbage-first heap   total 1091584K, used 2374K [0x00000005c0000000, 0x00000007c0000000)
  region size 2048K, 1 young (2048K), 1 survivors (2048K)
 Metaspace       used 10081K, capacity 10300K, committed 10496K, reserved 1058816K
  class space    used 905K, capacity 971K, committed 1024K, reserved 1048576K
}

